<?xml version="1.0" encoding="UTF-8"?>
<!-- Generated by org.testng.reporters.JUnitReportReporter -->
<testsuite skipped="0" hostname="LAPTOP-QP7PPVBF" name="com.automationtesting.SeleniumProgramming.TestNGPractice" tests="10" failures="0" timestamp="20 Oct 2021 03:37:22 GMT" time="0.057" errors="0">
  <testcase name="tc1" time="0.002" classname="com.automationtesting.SeleniumProgramming.TestNGPractice"/>
  <testcase name="tc1" time="0.003" classname="com.automationtesting.SeleniumProgramming.TestNGPractice"/>
  <testcase name="tc1" time="0.004" classname="com.automationtesting.SeleniumProgramming.TestNGPractice"/>
  <testcase name="tc1" time="0.003" classname="com.automationtesting.SeleniumProgramming.TestNGPractice"/>
  <testcase name="tc1" time="0.002" classname="com.automationtesting.SeleniumProgramming.TestNGPractice"/>
  <testcase name="tc1" time="0.001" classname="com.automationtesting.SeleniumProgramming.TestNGPractice"/>
  <testcase name="tc1" time="0.003" classname="com.automationtesting.SeleniumProgramming.TestNGPractice"/>
  <testcase name="tc1" time="0.003" classname="com.automationtesting.SeleniumProgramming.TestNGPractice"/>
  <testcase name="tc1" time="0.034" classname="com.automationtesting.SeleniumProgramming.TestNGPractice"/>
  <testcase name="tc1" time="0.002" classname="com.automationtesting.SeleniumProgramming.TestNGPractice"/>
</testsuite> <!-- com.automationtesting.SeleniumProgramming.TestNGPractice -->
