<?xml version="1.0" encoding="UTF-8"?>
<!-- Generated by org.testng.reporters.JUnitReportReporter -->
<testsuite skipped="0" hostname="LAPTOP-QP7PPVBF" name="com.automationtesting.SeleniumProgramming.BasicTestNG" tests="1" failures="0" timestamp="24 Oct 2021 12:36:45 GMT" time="0.007" errors="0">
  <testcase name="f" time="0.007" classname="com.automationtesting.SeleniumProgramming.BasicTestNG"/>
</testsuite> <!-- com.automationtesting.SeleniumProgramming.BasicTestNG -->
