<?xml version="1.0" encoding="UTF-8"?>
<!-- Generated by org.testng.reporters.JUnitReportReporter -->
<testsuite skipped="0" hostname="LAPTOP-QP7PPVBF" name="com.automationtesting.SeleniumProgramming.RadioandCheckBoxHandling" tests="1" failures="0" timestamp="21 Oct 2021 03:23:28 GMT" time="23.118" errors="0">
  <testcase name="radioButtonsHandle" time="23.118" classname="com.automationtesting.SeleniumProgramming.RadioandCheckBoxHandling"/>
</testsuite> <!-- com.automationtesting.SeleniumProgramming.RadioandCheckBoxHandling -->
